<?xml version="1.0" encoding="UTF-8"?>
<!-- Generated by org.testng.reporters.JUnitReportReporter -->
<testsuite skipped="0" hostname="P4A-508SD52" name="com.accenture.tests.Demo_Grid" tests="1" failures="0" timestamp="30 Jul 2018 08:07:38 GMT" time="82.540" errors="0">
  <testcase name="f" time="82.540" classname="com.accenture.tests.Demo_Grid"/>
</testsuite> <!-- com.accenture.tests.Demo_Grid -->
